1                                                          The SAS System                     Sunday, September 12, 2021 10:02:00 PM

NOTE: Copyright (c) 2016 by SAS Institute Inc., Cary, NC, USA. 
NOTE: SAS (r) Proprietary Software 9.4 (TS1M7 MBCS3170) 
      Licensed to UNIVERSITY OF PENNSYLVANIA - SFA T&R, Site 70055201.
NOTE: This session is executing on the Linux 3.10.0-1160.36.2.el7.x86_64 (LIN X64) platform.



NOTE: Analytical products:
      
      SAS/STAT 15.2
      SAS/ETS 15.2
      SAS/OR 15.2
      SAS/IML 15.2
      SAS/QC 15.2

NOTE: Additional host information:

 Linux LIN X64 3.10.0-1160.36.2.el7.x86_64 #1 SMP Thu Jul 8 02:53:40 UTC 2021 x86_64 Red Hat Enterprise Linux Server release 7.9 
      (Maipo) 

      *** Welcome to Wharton Research Data Services (WRDS) ***

WRDS is developed and run by the Wharton School at the University of
Pennsylvania. We provide access to the databases that define empirical,
seminal research in the fields of accounting, banking, economics,
finance, insurance, management, marketing, public policy, risk
management, and statistics.

If you are not an authorized user of this system, disconnect now.
All activity is strictly monitored. There may be severe criminal and
civil penalties for unauthorized access or use of computing resources.

Please report any problems to wrds-support@wharton.upenn.edu.

----------------------------------------------------------------------------

             *** Wharton Research Data Services (WRDS) on SSRN ***

Submit to the WRDS Research Paper Series (RPS) on SSRN – a searchable repository of all papers submitted to SSRN that cite WRDS 
in their work. This RPS will elevate researchers’ visibility, increase your Eigenfactor® score, and build a specialized research 
base for others to explore easily.

  View Abstracts:            http://bit.ly/2qOrt9f
  Submit to the WRDS RPS:    http://bit.ly/2rjrENk

------------------------------------------------------------------------------

  *** NEW Learning Resources for Researchers, Instructors, and Librarians ***

Curated, guided, self-paced, competency-based access to our data, analytics, research, and technology solutions. In the classroom 
or at home, for 25+ years Wharton Research Data Services (WRDS) has supported users with targeted solutions that underpin research, 
reinforce learning, and enable discovery. Visit the WRDS website www.whartonwrds.com to view the full suite of Learning Pathways.

--------------------------------------------------------------------------------




2                                                          The SAS System                     Sunday, September 12, 2021 10:02:00 PM

NOTE: SAS initialization used:
      real time           0.15 seconds
      cpu time            0.02 seconds
      

NOTE: AUTOEXEC processing beginning; file is /home/oregonstate/methumk/autoexec.sas.

NOTE: Libref AHA was successfully assigned as follows: 
      Levels:           7
      Engine(1):        V9 
      Physical Name(1): /wrds/aha/sasdata/annual_survey
      Engine(2):        V9 
      Physical Name(2): /wrds/aha/sasdata/it_survey
      Engine(3):        V9 
      Physical Name(3): /wrds/aha/sasdata/hcris
      Engine(4):        V9 
      Physical Name(4): /wrds/aha/sasdata/annual_survey_3years
      Engine(5):        V9 
      Physical Name(5): /wrds/aha/sasdata/it_survey_3years
      Engine(6):        V9 
      Physical Name(6): /wrds/aha/sasdata/hcris_3years
      Engine(7):        V9 
      Physical Name(7): /wrds/aha/sasdata/annual_survey_history
NOTE: Libref AHASAMP was successfully assigned as follows: 
      Engine:        V9 
      Physical Name: /wrds/samples/sasdata/aha
NOTE: Libref AUDIT was successfully assigned as follows: 
      Levels:           6
      Engine(1):        V9 
      Physical Name(1): /wrds/audit/sasdata/audit_comp
      Engine(2):        V9 
      Physical Name(2): /wrds/audit/sasdata/corp_legal
      Engine(3):        V9 
      Physical Name(3): /wrds/audit/sasdata/europe
      Engine(4):        V9 
      Physical Name(4): /wrds/audit/sasdata/oia
      Engine(5):        V9 
      Physical Name(5): /wrds/audit/sasdata/sedar
      Engine(6):        V9 
      Physical Name(6): /wrds/audit/sasdata/acct_os
NOTE: Libref AUDITSMP was successfully assigned as follows: 
      Engine:        V9 
      Physical Name: /wrds/samples/sasdata/audit
NOTE: Libref BLAB was successfully assigned as follows: 
      Engine:        V9 
      Physical Name: /wrds/blab/sasdata
NOTE: Libref BANK was successfully assigned as follows: 
      Levels:           3
      Engine(1):        V9 
      Physical Name(1): /wrds/bank/sasdata
      Engine(2):        V9 
      Physical Name(2): /wrds/bank/sasdata/commercial
      Engine(3):        V9 
      Physical Name(3): /wrds/bank/sasdata/holding
NOTE: Libref BLOCK was successfully assigned as follows: 
      Engine:        V9 
      Physical Name: /wrds/blockholders/sasdata
NOTE: Libref BOARDEX was successfully assigned as follows: 
      Levels:           4
      Engine(1):        V9 
      Physical Name(1): /wrds/boardex/sasdata/na
      Engine(2):        V9 
      Physical Name(2): /wrds/boardex/sasdata/eur
      Engine(3):        V9 
      Physical Name(3): /wrds/boardex/sasdata/uk
      Engine(4):        V9 
      Physical Name(4): /wrds/boardex/sasdata/row
NOTE: Libref BOARDSMP was successfully assigned as follows: 
      Engine:        V9 
      Physical Name: /wrds/samples/sasdata/boardex
NOTE: Libref BVD was successfully assigned as follows: 
      Levels:           9
      Engine(1):        V9 
      Physical Name(1): /wrds/bvd/sasdata/ama_v
      Engine(2):        V9 
      Physical Name(2): /wrds/bvd/sasdata/ama_l
      Engine(3):        V9 
      Physical Name(3): /wrds/bvd/sasdata/ama_m
      Engine(4):        V9 
      Physical Name(4): /wrds/bvd/sasdata/ama_s
      Engine(5):        V9 
      Physical Name(5): /wrds/bvd/sasdata/bankf
      Engine(6):        V9 
      Physical Name(6): /wrds/bvd/sasdata/os
      Engine(7):        V9 
      Physical Name(7): /wrds/bvd/sasdata/bvdorbis/ob_l
      Engine(8):        V9 
      Physical Name(8): /wrds/bvd/sasdata/bvdorbis/ob_m
      Engine(9):        V9 
      Physical Name(9): /wrds/bvd/sasdata/bvdorbis/ob_s
NOTE: Libref BVDSAMP was successfully assigned as follows: 
      Levels:           3
      Engine(1):        V9 
      Physical Name(1): /wrds/samples/sasdata/bvd_ama
      Engine(2):        V9 
      Physical Name(2): /wrds/samples/sasdata/bvdbankf
      Engine(3):        V9 
      Physical Name(3): /wrds/samples/sasdata/bvdorbis
NOTE: Libref CALCBNCH was successfully assigned as follows: 
      Levels:           16
      Engine(1):        V9 
      Physical Name(1): /wrds/calcbench/sasdata
      Engine(2):        V9 
      Physical Name(2): /wrds/calcbench/sasdata/ap_ar
      Engine(3):        V9 
      Physical Name(3): /wrds/calcbench/sasdata/business_combinations
      Engine(4):        V9 
      Physical Name(4): /wrds/calcbench/sasdata/commitment_contingency
      Engine(5):        V9 
      Physical Name(5): /wrds/calcbench/sasdata/concentration_risk
      Engine(6):        V9 
      Physical Name(6): /wrds/calcbench/sasdata/derivatives_hedging
      Engine(7):        V9 
      Physical Name(7): /wrds/calcbench/sasdata/discontinued_ops
      Engine(8):        V9 
      Physical Name(8): /wrds/calcbench/sasdata/equity_investments
      Engine(9):        V9 
      Physical Name(9): /wrds/calcbench/sasdata/equity_compensation
      Engine(10):        V9 
      Physical Name(10): /wrds/calcbench/sasdata/fair_value
      Engine(11):        V9 
      Physical Name(11): /wrds/calcbench/sasdata/business_segments
      Engine(12):        V9 
      Physical Name(12): /wrds/calcbench/sasdata/goodwill
      Engine(13):        V9 
      Physical Name(13): /wrds/calcbench/sasdata/income_tax
      Engine(14):        V9 
      Physical Name(14): /wrds/calcbench/sasdata/inventory
      Engine(15):        V9 
      Physical Name(15): /wrds/calcbench/sasdata/leases
      Engine(16):        V9 
      Physical Name(16): /wrds/calcbench/sasdata/equity_repurchases
NOTE: Libref CALCSAMP was successfully assigned as follows: 
      Engine:        V9 
      Physical Name: /wrds/samples/sasdata/calcbench
NOTE: Libref CBOE was successfully assigned as follows: 
      Engine:        V9 
      Physical Name: /wrds/cboe/sasdata
NOTE: Libref CENTRIS was successfully assigned as follows: 
      Engine:        V9 
      Physical Name: /wrds/centris/sasdata
NOTE: Libref CIQ was successfully assigned as follows: 
      Levels:           7
      Engine(1):        V9 
      Physical Name(1): /wrds/capitaliq/sasdata/helper
      Engine(2):        V9 
      Physical Name(2): /wrds/capitaliq/sasdata/pplintel
      Engine(3):        V9 
      Physical Name(3): /wrds/capitaliq/sasdata/keydev
      Engine(4):        V9 
      Physical Name(4): /wrds/capitaliq/sasdata/capstructure
      Engine(5):        V9 
      Physical Name(5): /wrds/capitaliq/sasdata/ratings
      Engine(6):        V9 
      Physical Name(6): /wrds/capitaliq/sasdata/transactions
      Engine(7):        V9 
      Physical Name(7): /wrds/capitaliq/sasdata/transcripts
NOTE: Libref CIQSAMP was successfully assigned as follows: 
      Levels:           7
      Engine(1):        V9 
      Physical Name(1): /wrds/ciqsamp/sasdata/capstructure
      Engine(2):        V9 
      Physical Name(2): /wrds/ciqsamp/sasdata/helper
      Engine(3):        V9 
      Physical Name(3): /wrds/ciqsamp/sasdata/keydev
      Engine(4):        V9 
      Physical Name(4): /wrds/ciqsamp/sasdata/pplintel
      Engine(5):        V9 
      Physical Name(5): /wrds/ciqsamp/sasdata/ratings
      Engine(6):        V9 
      Physical Name(6): /wrds/ciqsamp/sasdata/transactions
      Engine(7):        V9 
      Physical Name(7): /wrds/ciqsamp/sasdata/transcripts
NOTE: Libref CISDM was successfully assigned as follows: 
      Engine:        V9 
      Physical Name: /wrds/morningstar/sasdata/cisdm
NOTE: Libref CISDMSMP was successfully assigned as follows: 
      Engine:        V9 
      Physical Name: /wrds/samples/sasdata/morningstar
NOTE: Libref COMPB was successfully assigned as follows: 
      Engine:        V9 
      Physical Name: /wrds/comp/sasdata/bank
NOTE: Libref COMPBD was successfully assigned as follows: 
      Engine:        V9 
      Physical Name: /wrds/comp/sasdata/d_bank
NOTE: Libref COMPG was successfully assigned as follows: 
      Levels:           7
      Engine(1):        V9 
      Physical Name(1): /wrds/comp/sasdata/global
      Engine(2):        V9 
      Physical Name(2): /wrds/comp/sasdata/global/company
      Engine(3):        V9 
      Physical Name(3): /wrds/comp/sasdata/global/currency
      Engine(4):        V9 
      Physical Name(4): /wrds/comp/sasdata/global/dictionary
      Engine(5):        V9 
      Physical Name(5): /wrds/comp/sasdata/global/economy
      Engine(6):        V9 
      Physical Name(6): /wrds/comp/sasdata/global/index
      Engine(7):        V9 
      Physical Name(7): /wrds/comp/sasdata/global/security
NOTE: Libref COMPGD was successfully assigned as follows: 
      Levels:           7
      Engine(1):        V9 
      Physical Name(1): /wrds/comp/sasdata/d_global
      Engine(2):        V9 
      Physical Name(2): /wrds/comp/sasdata/d_global/company
      Engine(3):        V9 
      Physical Name(3): /wrds/comp/sasdata/d_global/currency
      Engine(4):        V9 
      Physical Name(4): /wrds/comp/sasdata/d_global/dictionary
      Engine(5):        V9 
      Physical Name(5): /wrds/comp/sasdata/d_global/economy
      Engine(6):        V9 
      Physical Name(6): /wrds/comp/sasdata/d_global/index
      Engine(7):        V9 
      Physical Name(7): /wrds/comp/sasdata/d_global/security
NOTE: Libref COMPA was successfully assigned as follows: 
      Levels:           14
      Engine(1):        V9 
      Physical Name(1): /wrds/comp/sasdata/naa
      Engine(2):        V9 
      Physical Name(2): /wrds/comp/sasdata/naa/company
      Engine(3):        V9 
      Physical Name(3): /wrds/comp/sasdata/naa/currency
      Engine(4):        V9 
      Physical Name(4): /wrds/comp/sasdata/naa/dictionary
      Engine(5):        V9 
      Physical Name(5): /wrds/comp/sasdata/naa/economy
      Engine(6):        V9 
      Physical Name(6): /wrds/comp/sasdata/naa/index
      Engine(7):        V9 
      Physical Name(7): /wrds/comp/sasdata/naa/industry
      Engine(8):        V9 
      Physical Name(8): /wrds/comp/sasdata/naa/insider
      Engine(9):        V9 
      Physical Name(9): /wrds/comp/sasdata/naa/institution
      Engine(10):        V9 
      Physical Name(10): /wrds/comp/sasdata/naa/pension
      Engine(11):        V9 
      Physical Name(11): /wrds/comp/sasdata/naa/rating
      Engine(12):        V9 
      Physical Name(12): /wrds/comp/sasdata/naa/security
      Engine(13):        V9 
      Physical Name(13): /wrds/comp/sasdata/naa/segments_current
      Engine(14):        V9 
      Physical Name(14): /wrds/comp/sasdata/naa/transparency
NOTE: Libref COMPNAD was successfully assigned as follows: 
      Levels:           14
      Engine(1):        V9 
      Physical Name(1): /wrds/comp/sasdata/d_na
      Engine(2):        V9 
      Physical Name(2): /wrds/comp/sasdata/d_na/company
      Engine(3):        V9 
      Physical Name(3): /wrds/comp/sasdata/d_na/currency
      Engine(4):        V9 
      Physical Name(4): /wrds/comp/sasdata/d_na/dictionary
      Engine(5):        V9 
      Physical Name(5): /wrds/comp/sasdata/d_na/economy
      Engine(6):        V9 
      Physical Name(6): /wrds/comp/sasdata/d_na/index
      Engine(7):        V9 
      Physical Name(7): /wrds/comp/sasdata/d_na/industry
      Engine(8):        V9 
      Physical Name(8): /wrds/comp/sasdata/d_na/insider
      Engine(9):        V9 
      Physical Name(9): /wrds/comp/sasdata/d_na/institution
      Engine(10):        V9 
      Physical Name(10): /wrds/comp/sasdata/d_na/pension
      Engine(11):        V9 
      Physical Name(11): /wrds/comp/sasdata/d_na/rating
      Engine(12):        V9 
      Physical Name(12): /wrds/comp/sasdata/d_na/security
      Engine(13):        V9 
      Physical Name(13): /wrds/comp/sasdata/d_na/segments_current
      Engine(14):        V9 
      Physical Name(14): /wrds/comp/sasdata/d_na/transparency
NOTE: Libref COMPDCUR was successfully assigned as follows: 
      Levels:           14
      Engine(1):        V9 
      Physical Name(1): /wrds/comp/sasdata/d_na_current
      Engine(2):        V9 
      Physical Name(2): /wrds/comp/sasdata/d_na_current/company
      Engine(3):        V9 
      Physical Name(3): /wrds/comp/sasdata/d_na_current/currency
      Engine(4):        V9 
      Physical Name(4): /wrds/comp/sasdata/d_na_current/dictionary
      Engine(5):        V9 
      Physical Name(5): /wrds/comp/sasdata/d_na_current/economy
      Engine(6):        V9 
      Physical Name(6): /wrds/comp/sasdata/d_na_current/index
      Engine(7):        V9 
      Physical Name(7): /wrds/comp/sasdata/d_na_current/industry
      Engine(8):        V9 
      Physical Name(8): /wrds/comp/sasdata/d_na_current/insider
      Engine(9):        V9 
      Physical Name(9): /wrds/comp/sasdata/d_na_current/institution
      Engine(10):        V9 
      Physical Name(10): /wrds/comp/sasdata/d_na_current/pension
      Engine(11):        V9 
      Physical Name(11): /wrds/comp/sasdata/d_na_current/rating
      Engine(12):        V9 
      Physical Name(12): /wrds/comp/sasdata/d_na_current/security
      Engine(13):        V9 
      Physical Name(13): /wrds/comp/sasdata/d_na_current/segments_current
      Engine(14):        V9 
      Physical Name(14): /wrds/comp/sasdata/d_na_current/transparency
NOTE: Libref COMPSEGD was successfully assigned as follows: 
      Engine:        V9 
      Physical Name: /wrds/comp/sasdata/d_seghist
NOTE: Libref EXECCOMP was successfully assigned as follows: 
      Engine:        V9 
      Physical Name: /wrds/comp/sasdata/execcomp
NOTE: Libref COMPD was successfully assigned as follows: 
      Levels:           22
      Engine(1):        V9 
      Physical Name(1): /wrds/comp/sasdata/d_na
      Engine(2):        V9 
      Physical Name(2): /wrds/comp/sasdata/d_na/company
      Engine(3):        V9 
      Physical Name(3): /wrds/comp/sasdata/d_na/currency
      Engine(4):        V9 
      Physical Name(4): /wrds/comp/sasdata/d_na/dictionary
      Engine(5):        V9 
      Physical Name(5): /wrds/comp/sasdata/d_na/economy
      Engine(6):        V9 
      Physical Name(6): /wrds/comp/sasdata/d_na/index
      Engine(7):        V9 
      Physical Name(7): /wrds/comp/sasdata/d_na/industry
      Engine(8):        V9 
      Physical Name(8): /wrds/comp/sasdata/d_na/insider
      Engine(9):        V9 
      Physical Name(9): /wrds/comp/sasdata/d_na/institution
      Engine(10):        V9 
      Physical Name(10): /wrds/comp/sasdata/d_na/pension
      Engine(11):        V9 
      Physical Name(11): /wrds/comp/sasdata/d_na/rating
      Engine(12):        V9 
      Physical Name(12): /wrds/comp/sasdata/d_na/security
      Engine(13):        V9 
      Physical Name(13): /wrds/comp/sasdata/d_na/segments_current
      Engine(14):        V9 
      Physical Name(14): /wrds/comp/sasdata/d_na/transparency
      Engine(15):        V9 
      Physical Name(15): /wrds/comp/sasdata/d_bank
      Engine(16):        V9 
      Physical Name(16): /wrds/comp/sasdata/d_global
      Engine(17):        V9 
      Physical Name(17): /wrds/comp/sasdata/d_global/company
      Engine(18):        V9 
      Physical Name(18): /wrds/comp/sasdata/d_global/currency
      Engine(19):        V9 
      Physical Name(19): /wrds/comp/sasdata/d_global/dictionary
      Engine(20):        V9 
      Physical Name(20): /wrds/comp/sasdata/d_global/economy
      Engine(21):        V9 
      Physical Name(21): /wrds/comp/sasdata/d_global/index
      Engine(22):        V9 
      Physical Name(22): /wrds/comp/sasdata/d_global/security
NOTE: Libref COMP was successfully assigned as follows: 
      Levels:           25
      Engine(1):        V9 
      Physical Name(1): /wrds/comp/sasdata/d_na
      Engine(2):        V9 
      Physical Name(2): /wrds/comp/sasdata/d_na/company
      Engine(3):        V9 
      Physical Name(3): /wrds/comp/sasdata/d_na/currency
      Engine(4):        V9 
      Physical Name(4): /wrds/comp/sasdata/d_na/dictionary
      Engine(5):        V9 
      Physical Name(5): /wrds/comp/sasdata/d_na/economy
      Engine(6):        V9 
      Physical Name(6): /wrds/comp/sasdata/d_na/index
      Engine(7):        V9 
      Physical Name(7): /wrds/comp/sasdata/d_na/industry
      Engine(8):        V9 
      Physical Name(8): /wrds/comp/sasdata/d_na/insider
      Engine(9):        V9 
      Physical Name(9): /wrds/comp/sasdata/d_na/institution
      Engine(10):        V9 
      Physical Name(10): /wrds/comp/sasdata/d_na/pension
      Engine(11):        V9 
      Physical Name(11): /wrds/comp/sasdata/d_na/rating
      Engine(12):        V9 
      Physical Name(12): /wrds/comp/sasdata/d_na/security
      Engine(13):        V9 
      Physical Name(13): /wrds/comp/sasdata/d_na/segments_current
      Engine(14):        V9 
      Physical Name(14): /wrds/comp/sasdata/d_na/transparency
      Engine(15):        V9 
      Physical Name(15): /wrds/comp/sasdata/d_bank
      Engine(16):        V9 
      Physical Name(16): /wrds/comp/sasdata/d_global
      Engine(17):        V9 
      Physical Name(17): /wrds/comp/sasdata/d_global/company
      Engine(18):        V9 
      Physical Name(18): /wrds/comp/sasdata/d_global/currency
      Engine(19):        V9 
      Physical Name(19): /wrds/comp/sasdata/d_global/dictionary
      Engine(20):        V9 
      Physical Name(20): /wrds/comp/sasdata/d_global/economy
      Engine(21):        V9 
      Physical Name(21): /wrds/comp/sasdata/d_global/index
      Engine(22):        V9 
      Physical Name(22): /wrds/comp/sasdata/d_global/security
      Engine(23):        V9 
      Physical Name(23): /wrds/comp/sasdata/execcomp
      Engine(24):        V9 
      Physical Name(24): /wrds/comp/sasdata/filings
      Engine(25):        V9 
      Physical Name(25): /wrds/comp/sasdata/marginaltax
NOTE: Libref COMPH was successfully assigned as follows: 
      Levels:           3
      Engine(1):        V9 
      Physical Name(1): /wrds/comp/sasdata/ph
      Engine(2):        V9 
      Physical Name(2): /wrds/comp/sasdata/pit
      Engine(3):        V9 
      Physical Name(3): /wrds/comp/sasdata/urq
NOTE: Libref COMPSAMP was successfully assigned as follows: 
      Engine:        V9 
      Physical Name: /wrds/compsamp/sasdata
NOTE: Libref COMPSNAP was successfully assigned as follows: 
      Engine:        V9 
      Physical Name: /wrds/comp/sasdata/snapshot
NOTE: Libref COMSCORE was successfully assigned as follows: 
      Engine:        V9 
      Physical Name: /wrds/comscore/sasdata
NOTE: Libref CONTRIB was successfully assigned as follows: 
      Levels:           9
      Engine(1):        V9 
      Physical Name(1): /wrds/contributors/sasdata/ceo_turnover
      Engine(2):        V9 
      Physical Name(2): /wrds/contributors/sasdata/characteristic_returns
      Engine(3):        V9 
      Physical Name(3): /wrds/contributors/sasdata/common_factors
      Engine(4):        V9 
      Physical Name(4): /wrds/contributors/sasdata/common_ownership
      Engine(5):        V9 
      Physical Name(5): /wrds/contributors/sasdata/liva
      Engine(6):        V9 
      Physical Name(6): /wrds/contributors/sasdata/rq
      Engine(7):        V9 
      Physical Name(7): /wrds/contributors/sasdata/schwert_dealscan_link
      Engine(8):        V9 
      Physical Name(8): /wrds/contributors/sasdata/shale
      Engine(9):        V9 
      Physical Name(9): /wrds/contributors/sasdata/total_q
NOTE: Libref CRSPA was successfully assigned as follows: 
      Levels:           8
      Engine(1):        V9 
      Physical Name(1): /wrds/crsp/sasdata/a_stock
      Engine(2):        V9 
      Physical Name(2): /wrds/crsp/sasdata/a_stock62
      Engine(3):        V9 
      Physical Name(3): /wrds/crsp/sasdata/a_indexes
      Engine(4):        V9 
      Physical Name(4): /wrds/crsp/sasdata/a_ccm
      Engine(5):        V9 
      Physical Name(5): /wrds/crsp/sasdata/a_treasuries
      Engine(6):        V9 
      Physical Name(6): /wrds/crsp/sasdata/a_treas_bd
      Engine(7):        V9 
      Physical Name(7): /wrds/crsp/sasdata/a_treas_bm
      Engine(8):        V9 
      Physical Name(8): /wrds/crsp/sasdata/a_ziman
NOTE: Libref CRSPQ was successfully assigned as follows: 
      Levels:           9
      Engine(1):        V9 
      Physical Name(1): /wrds/crsp/sasdata/q_stock
      Engine(2):        V9 
      Physical Name(2): /wrds/crsp/sasdata/q_indexes
      Engine(3):        V9 
      Physical Name(3): /wrds/crsp/sasdata/q_ccm
      Engine(4):        V9 
      Physical Name(4): /wrds/crsp/sasdata/q_mutualfunds
      Engine(5):        V9 
      Physical Name(5): /wrds/crsp/sasdata/q_stock62
      Engine(6):        V9 
      Physical Name(6): /wrds/crsp/sasdata/q_treasuries
      Engine(7):        V9 
      Physical Name(7): /wrds/crsp/sasdata/q_treas_bd
      Engine(8):        V9 
      Physical Name(8): /wrds/crsp/sasdata/q_treas_bm
      Engine(9):        V9 
      Physical Name(9): /wrds/crsp/sasdata/q_ziman
NOTE: Libref CRSPM was successfully assigned as follows: 
      Levels:           8
      Engine(1):        V9 
      Physical Name(1): /wrds/crsp/sasdata/m_stock
      Engine(2):        V9 
      Physical Name(2): /wrds/crsp/sasdata/m_indexes
      Engine(3):        V9 
      Physical Name(3): /wrds/crsp/sasdata/m_ccm
      Engine(4):        V9 
      Physical Name(4): /wrds/crsp/sasdata/m_stock62
      Engine(5):        V9 
      Physical Name(5): /wrds/crsp/sasdata/m_treasuries
      Engine(6):        V9 
      Physical Name(6): /wrds/crsp/sasdata/m_treas_bd
      Engine(7):        V9 
      Physical Name(7): /wrds/crsp/sasdata/m_treas_bm
      Engine(8):        V9 
      Physical Name(8): /wrds/crsp/sasdata/m_ziman
NOTE: Libref CRSP was successfully assigned as follows: 
      Levels:           9
      Engine(1):        V9 
      Physical Name(1): /wrds/crsp/sasdata/a_stock
      Engine(2):        V9 
      Physical Name(2): /wrds/crsp/sasdata/a_stock62
      Engine(3):        V9 
      Physical Name(3): /wrds/crsp/sasdata/a_indexes
      Engine(4):        V9 
      Physical Name(4): /wrds/crsp/sasdata/a_ccm
      Engine(5):        V9 
      Physical Name(5): /wrds/crsp/sasdata/a_treasuries
      Engine(6):        V9 
      Physical Name(6): /wrds/crsp/sasdata/a_treas_bd
      Engine(7):        V9 
      Physical Name(7): /wrds/crsp/sasdata/a_treas_bm
      Engine(8):        V9 
      Physical Name(8): /wrds/crsp/sasdata/a_ziman
      Engine(9):        V9 
      Physical Name(9): /wrds/crsp/sasdata/q_mutualfunds
NOTE: Libref CRSPSAMP was successfully assigned as follows: 
      Levels:           2
      Engine(1):        V9 
      Physical Name(1): /wrds/crspsamp/sasdata
      Engine(2):        V9 
      Physical Name(2): /wrds/samples/sasdata/crsp_mf
NOTE: Libref CSMAR was successfully assigned as follows: 
      Levels:           12
      Engine(1):        V9 
      Physical Name(1): /wrds/csmar/sasdata/trading
      Engine(2):        V9 
      Physical Name(2): /wrds/csmar/sasdata/financial
      Engine(3):        V9 
      Physical Name(3): /wrds/csmar/sasdata/funds_mkt_research
      Engine(4):        V9 
      Physical Name(4): /wrds/csmar/sasdata/ma
      Engine(5):        V9 
      Physical Name(5): /wrds/csmar/sasdata/ipo_a
      Engine(6):        V9 
      Physical Name(6): /wrds/csmar/sasdata/af
      Engine(7):        V9 
      Physical Name(7): /wrds/csmar/sasdata/cd
      Engine(8):        V9 
      Physical Name(8): /wrds/csmar/sasdata/cg
      Engine(9):        V9 
      Physical Name(9): /wrds/csmar/sasdata/ini
      Engine(10):        V9 
      Physical Name(10): /wrds/csmar/sasdata/colc
      Engine(11):        V9 
      Physical Name(11): /wrds/csmar/sasdata/rs
      Engine(12):        V9 
      Physical Name(12): /wrds/csmar/sasdata/hld
NOTE: Libref CUSIPM was successfully assigned as follows: 
      Engine:        V9 
      Physical Name: /wrds/cusip/sasdata
NOTE: Libref DEALSCAN was successfully assigned as follows: 
      Engine:        V9 
      Physical Name: /wrds/tfn/sasdata/dealscan
NOTE: Libref DJONES was successfully assigned as follows: 
      Engine:        V9 
      Physical Name: /wrds/djones/sasdata
NOTE: Libref DMEF was successfully assigned as follows: 
      Engine:        V9 
      Physical Name: /wrds/dmef/sasdata
NOTE: Libref DOE was successfully assigned as follows: 
      Engine:        V9 
      Physical Name: /wrds/doe/sasdata
NOTE: Libref EMDB was successfully assigned as follows: 
      Levels:           2
      Engine(1):        V9 
      Physical Name(1): /wrds/comp/sasdata/emdbd
      Engine(2):        V9 
      Physical Name(2): /wrds/comp/sasdata/emdbm
NOTE: Libref ETFG was successfully assigned as follows: 
      Levels:           4
      Engine(1):        V9 
      Physical Name(1): /wrds/etfg/sasdata/industry
      Engine(2):        V9 
      Physical Name(2): /wrds/etfg/sasdata/fund_flow
      Engine(3):        V9 
      Physical Name(3): /wrds/etfg/sasdata/analytics
      Engine(4):        V9 
      Physical Name(4): /wrds/etfg/sasdata/constituents
NOTE: Libref ETFGSAMP was successfully assigned as follows: 
      Engine:        V9 
      Physical Name: /wrds/samples/sasdata/etfg
NOTE: Libref EUREKA was successfully assigned as follows: 
      Engine:        V9 
      Physical Name: /wrds/eureka/sasdata
NOTE: Libref EURSAMP was successfully assigned as follows: 
      Engine:        V9 
      Physical Name: /wrds/samples/sasdata/eureka
NOTE: Libref FACTSET was successfully assigned as follows: 
      Levels:           7
      Engine(1):        V9 
      Physical Name(1): /wrds/factset/sasdata/ff_usc
      Engine(2):        V9 
      Physical Name(2): /wrds/factset/sasdata/ff_int
      Engine(3):        V9 
      Physical Name(3): /wrds/factset/sasdata/own
      Engine(4):        V9 
      Physical Name(4): /wrds/factset/sasdata/common
      Engine(5):        V9 
      Physical Name(5): /wrds/factset/sasdata/own_v5
      Engine(6):        V9 
      Physical Name(6): /wrds/factset/sasdata/ff_usc_v3
      Engine(7):        V9 
      Physical Name(7): /wrds/factset/sasdata/ff_int_v3
NOTE: Libref FSSAMP was successfully assigned as follows: 
      Levels:           2
      Engine(1):        V9 
      Physical Name(1): /wrds/samples/sasdata/factset
      Engine(2):        V9 
      Physical Name(2): /wrds/samples/sasdata/revere
NOTE: Libref FDIC was successfully assigned as follows: 
      Engine:        V9 
      Physical Name: /wrds/fdic/sasdata
NOTE: Libref FF was successfully assigned as follows: 
      Engine:        V9 
      Physical Name: /wrds/ff/sasdata
NOTE: Libref FISD was successfully assigned as follows: 
      Levels:           3
      Engine(1):        V9 
      Physical Name(1): /wrds/mergent/sasdata/fisd
      Engine(2):        V9 
      Physical Name(2): /wrds/mergent/sasdata/naic
      Engine(3):        V9 
      Physical Name(3): /wrds/mergent/sasdata/common
NOTE: Libref FISDSAMP was successfully assigned as follows: 
      Engine:        V9 
      Physical Name: /wrds/fisdsamp/sasdata
NOTE: Libref FTSE was successfully assigned as follows: 
      Engine:        V9 
      Physical Name: /wrds/ftse/sasdata/russell
NOTE: Libref FTSESAMP was successfully assigned as follows: 
      Engine:        V9 
      Physical Name: /wrds/samples/sasdata/ftse
NOTE: Libref FRB was successfully assigned as follows: 
      Engine:        V9 
      Physical Name: /wrds/frb/sasdata
NOTE: Libref GINSIGHT was successfully assigned as follows: 
      Levels:           4
      Engine(1):        V9 
      Physical Name(1): /wrds/ginsight/sasdata/all
      Engine(2):        V9 
      Physical Name(2): /wrds/ginsight/sasdata/basic
      Engine(3):        V9 
      Physical Name(3): /wrds/ginsight/sasdata/common
      Engine(4):        V9 
      Physical Name(4): /wrds/ginsight/sasdata/econ_analytics
NOTE: Libref GMI was successfully assigned as follows: 
      Engine:        V9 
      Physical Name: /wrds/gmiratings/sasdata
NOTE: Libref GOVPX was successfully assigned as follows: 
      Engine:        V9 
      Physical Name: /wrds/govpx/sasdata
NOTE: Libref GOVPXSMP was successfully assigned as follows: 
      Engine:        V9 
      Physical Name: /wrds/samples/sasdata/govpx
NOTE: Libref HBASEPRM was successfully assigned as follows: 
      Engine:        V9 
      Physical Name: /wrds/hbase/sasdata/premium
NOTE: Libref HBASE was successfully assigned as follows: 
      Levels:           1
      Engine(1):        V9 
      Physical Name(1): /wrds/hbase/sasdata/premium
NOTE: Libref HBASESMP was successfully assigned as follows: 
      Engine:        V9 
      Physical Name: /wrds/samples/sasdata/hbase
NOTE: Libref HFR was successfully assigned as follows: 
      Levels:           4
      Engine(1):        V9 
      Physical Name(1): /wrds/hfr/sasdata/hfrdb_academic_dead
      Engine(2):        V9 
      Physical Name(2): /wrds/hfr/sasdata/hfrdb_academic_live
      Engine(3):        V9 
      Physical Name(3): /wrds/hfr/sasdata/hfrdb_dead
      Engine(4):        V9 
      Physical Name(4): /wrds/hfr/sasdata/hfrdb_live
NOTE: Libref HFRSAMP was successfully assigned as follows: 
      Engine:        V9 
      Physical Name: /wrds/hfrsamp/sasdata/hfrdb
NOTE: Libref IBES was successfully assigned as follows: 
      Levels:           3
      Engine(1):        V9 
      Physical Name(1): /wrds/ibes/sasdata
      Engine(2):        V9 
      Physical Name(2): /wrds/ibes/sasdata/iga
      Engine(3):        V9 
      Physical Name(3): /wrds/ibes/sasdata/guidance
NOTE: Libref IBESCORP was successfully assigned as follows: 
      Engine:        V9 
      Physical Name: /wrds/ibes/sasdata/corporate
NOTE: Libref IBESKPI was successfully assigned as follows: 
      Engine:        V9 
      Physical Name: /wrds/ibes/sasdata/kpi
NOTE: Libref IFGR was successfully assigned as follows: 
      Levels:           2
      Engine(1):        V9 
      Physical Name(1): /wrds/infogroup/sasdata/business
      Engine(2):        V9 
      Physical Name(2): /wrds/infogroup/sasdata/residential
NOTE: Libref IFGRSAMP was successfully assigned as follows: 
      Levels:           2
      Engine(1):        V9 
      Physical Name(1): /wrds/samples/sasdata/infogroup/business
      Engine(2):        V9 
      Physical Name(2): /wrds/samples/sasdata/infogroup/residential
NOTE: Libref IMS was successfully assigned as follows: 
      Levels:           9
      Engine(1):        V9 
      Physical Name(1): /wrds/ims/sasdata
      Engine(2):        V9 
      Physical Name(2): /wrds/ims/sasdata/recent_standard_plus
      Engine(3):        V9 
      Physical Name(3): /wrds/ims/sasdata/recent_premium
      Engine(4):        V9 
      Physical Name(4): /wrds/ims/sasdata/historical_standard_plus
      Engine(5):        V9 
      Physical Name(5): /wrds/ims/sasdata/historical_premium
      Engine(6):        V9 
      Physical Name(6): /wrds/ims/sasdata/historical_3years_standard_plus
      Engine(7):        V9 
      Physical Name(7): /wrds/ims/sasdata/historical_3years_premium
      Engine(8):        V9 
      Physical Name(8): /wrds/ims/sasdata/historical_5years_standard_plus
      Engine(9):        V9 
      Physical Name(9): /wrds/ims/sasdata/historical_5years_premium
NOTE: Libref IMSSAMP was successfully assigned as follows: 
      Engine:        V9 
      Physical Name: /wrds/samples/sasdata/ims
NOTE: Libref IRI was successfully assigned as follows: 
      Engine:        V9 
      Physical Name: /wrds/iri/sasdata
NOTE: Libref ISS was successfully assigned as follows: 
      Levels:           2
      Engine(1):        V9 
      Physical Name(1): /wrds/riskmetrics/sasdata/incentive_lab
      Engine(2):        V9 
      Physical Name(2): /wrds/riskmetrics/sasdata/incentive_lab/europe
NOTE: Libref ISSM was successfully assigned as follows: 
      Engine:        V9 
      Physical Name: /wrds/issm/sasdata
NOTE: Libref KLD was successfully assigned as follows: 
      Engine:        V9 
      Physical Name: /wrds/kld/sasdata
NOTE: Libref KPISAMP was successfully assigned as follows: 
      Engine:        V9 
      Physical Name: /wrds/samples/sasdata/ibeskpi
NOTE: Libref KTMINE was successfully assigned as follows: 
      Levels:           2
      Engine(1):        V9 
      Physical Name(1): /wrds/ktmine/sasdata
      Engine(2):        V9 
      Physical Name(2): /wrds/ktmine/sasdata/corptree
NOTE: Libref KTSAMP was successfully assigned as follows: 
      Levels:           2
      Engine(1):        V9 
      Physical Name(1): /wrds/samples/sasdata/ktmine
      Engine(2):        V9 
      Physical Name(2): /wrds/samples/sasdata/ktmine/corptree
NOTE: Libref LEVIN was successfully assigned as follows: 
      Engine:        V9 
      Physical Name: /wrds/levin/sasdata
NOTE: Libref LVNSAMP was successfully assigned as follows: 
      Engine:        V9 
      Physical Name: /wrds/samples/sasdata/levin
NOTE: Libref LSPD was successfully assigned as follows: 
      Levels:           2
      Engine(1):        V9 
      Physical Name(1): /wrds/lspd/sasdata/monthly
      Engine(2):        V9 
      Physical Name(2): /wrds/lspd/sasdata/daily
NOTE: Libref LSPDSAMP was successfully assigned as follows: 
      Engine:        V9 
      Physical Name: /wrds/samples/sasdata/lspd
NOTE: Libref MARKIT was successfully assigned as follows: 
      Levels:           10
      Engine(1):        V9 
      Physical Name(1): /wrds/markit/sasdata/cds
      Engine(2):        V9 
      Physical Name(2): /wrds/markit/sasdata/red
      Engine(3):        V9 
      Physical Name(3): /wrds/markit/sasdata/cdx_composites
      Engine(4):        V9 
      Physical Name(4): /wrds/markit/sasdata/cdx_constituents
      Engine(5):        V9 
      Physical Name(5): /wrds/markit/sasdata/itraxx_asia_composites
      Engine(6):        V9 
      Physical Name(6): /wrds/markit/sasdata/itraxx_europe_composites
      Engine(7):        V9 
      Physical Name(7): /wrds/markit/sasdata/itraxx_sovx_composites
      Engine(8):        V9 
      Physical Name(8): /wrds/markit/sasdata/itraxx_asia_constituents
      Engine(9):        V9 
      Physical Name(9): /wrds/markit/sasdata/itraxx_europe_constituents
      Engine(10):        V9 
      Physical Name(10): /wrds/markit/sasdata/itraxx_sovx_constituents
NOTE: Libref MSFANLY was successfully assigned as follows: 
      Levels:           5
      Engine(1):        V9 
      Physical Name(1): /wrds/markit/sasdata/msf_analytics_bonds
      Engine(2):        V9 
      Physical Name(2): /wrds/markit/sasdata/msf_analytics_eqty_amer
      Engine(3):        V9 
      Physical Name(3): /wrds/markit/sasdata/msf_analytics_eqty_euro
      Engine(4):        V9 
      Physical Name(4): /wrds/markit/sasdata/msf_analytics_eqty_asia
      Engine(5):        V9 
      Physical Name(5): /wrds/markit/sasdata/msf_analytics_eqty_other
NOTE: Libref MSFINST was successfully assigned as follows: 
      Levels:           5
      Engine(1):        V9 
      Physical Name(1): /wrds/markit/sasdata/msf_inst_bonds
      Engine(2):        V9 
      Physical Name(2): /wrds/markit/sasdata/msf_inst_eqty_amer
      Engine(3):        V9 
      Physical Name(3): /wrds/markit/sasdata/msf_inst_eqty_asia
      Engine(4):        V9 
      Physical Name(4): /wrds/markit/sasdata/msf_inst_eqty_euro
      Engine(5):        V9 
      Physical Name(5): /wrds/markit/sasdata/msf_inst_eqty_other
NOTE: Libref MRKTSAMP was successfully assigned as follows: 
      Engine:        V9 
      Physical Name: /wrds/samples/sasdata/markit/cdsred
NOTE: Libref MFL was successfully assigned as follows: 
      Engine:        V9 
      Physical Name: /wrds/mfl/sasdata
NOTE: Libref MSRB was successfully assigned as follows: 
      Engine:        V9 
      Physical Name: /wrds/msrb/sasdata
NOTE: Libref MSRBSAMP was successfully assigned as follows: 
      Engine:        V9 
      Physical Name: /wrds/samples/sasdata/msrb
NOTE: Libref NASTRAQ was successfully assigned as follows: 
      Engine:        V9 
      Physical Name: /wrds/nastraq/sasdata
NOTE: Libref OMTRIAL was successfully assigned as follows: 
      Levels:           2
      Engine(1):        V9 
      Physical Name(1): /wrds/samples/sasdata/optionmetrics
      Engine(2):        V9 
      Physical Name(2): /wrds/samples/sasdata/optionmetrics/europe
NOTE: Libref OPTIONM was successfully assigned as follows: 
      Levels:           2
      Engine(1):        V9 
      Physical Name(1): /wrds/optionm/sasdata
      Engine(2):        V9 
      Physical Name(2): /wrds/optionm/sasdata/europe
NOTE: Libref OTC was successfully assigned as follows: 
      Engine:        V9 
      Physical Name: /wrds/otc/sasdata/endofday
NOTE: Libref PACAP was successfully assigned as follows: 
      Levels:           8
      Engine(1):        V9 
      Physical Name(1): /wrds/pacap/sasdata/hk
      Engine(2):        V9 
      Physical Name(2): /wrds/pacap/sasdata/id
      Engine(3):        V9 
      Physical Name(3): /wrds/pacap/sasdata/ja
      Engine(4):        V9 
      Physical Name(4): /wrds/pacap/sasdata/ks
      Engine(5):        V9 
      Physical Name(5): /wrds/pacap/sasdata/my
      Engine(6):        V9 
      Physical Name(6): /wrds/pacap/sasdata/sn
      Engine(7):        V9 
      Physical Name(7): /wrds/pacap/sasdata/tw
      Engine(8):        V9 
      Physical Name(8): /wrds/pacap/sasdata/th
NOTE: Libref PHLX was successfully assigned as follows: 
      Engine:        V9 
      Physical Name: /wrds/phlx/sasdata
NOTE: Libref PITCHBK was successfully assigned as follows: 
      Levels:           7
      Engine(1):        V9 
      Physical Name(1): /wrds/pitchbk/sasdata/other_northam
      Engine(2):        V9 
      Physical Name(2): /wrds/pitchbk/sasdata/other_row
      Engine(3):        V9 
      Physical Name(3): /wrds/pitchbk/sasdata/pe_northam
      Engine(4):        V9 
      Physical Name(4): /wrds/pitchbk/sasdata/pe_row
      Engine(5):        V9 
      Physical Name(5): /wrds/pitchbk/sasdata/vc_northam
      Engine(6):        V9 
      Physical Name(6): /wrds/pitchbk/sasdata/vc_row
      Engine(7):        V9 
      Physical Name(7): /wrds/pitchbk/sasdata
NOTE: Libref PITCHSMP was successfully assigned as follows: 
      Engine:        V9 
      Physical Name: /wrds/samples/sasdata/pitchbk
NOTE: Libref PPUBLICA was successfully assigned as follows: 
      Levels:           2
      Engine(1):        V9 
      Physical Name(1): /wrds/ppublica/sasdata/d4d
      Engine(2):        V9 
      Physical Name(2): /wrds/ppublica/sasdata/rx_checkup
NOTE: Libref PPUBSAMP was successfully assigned as follows: 
      Levels:           2
      Engine(1):        V9 
      Physical Name(1): /wrds/samples/sasdata/ppublica/d4d
      Engine(2):        V9 
      Physical Name(2): /wrds/samples/sasdata/ppublica/rx_checkup
NOTE: Libref PREQIN was successfully assigned as follows: 
      Levels:           2
      Engine(1):        V9 
      Physical Name(1): /wrds/preqin/sasdata/private_equity
      Engine(2):        V9 
      Physical Name(2): /wrds/preqin/sasdata/venture_capital
NOTE: Libref PREQSAMP was successfully assigned as follows: 
      Engine:        V9 
      Physical Name: /wrds/samples/sasdata/preqin
NOTE: Libref PUBLIC was successfully assigned as follows: 
      Levels:           7
      Engine(1):        V9 
      Physical Name(1): /wrds/public/sasdata/climate/noaa
      Engine(2):        V9 
      Physical Name(2): /wrds/public/sasdata/legal/govtrack
      Engine(3):        V9 
      Physical Name(3): /wrds/public/sasdata/macroecon/bea
      Engine(4):        V9 
      Physical Name(4): /wrds/public/sasdata/macroecon/bls
      Engine(5):        V9 
      Physical Name(5): /wrds/public/sasdata/healthcare/hcup
      Engine(6):        V9 
      Physical Name(6): /wrds/public/sasdata/healthcare/meps
      Engine(7):        V9 
      Physical Name(7): /wrds/public/sasdata/taxis
NOTE: Libref PWT was successfully assigned as follows: 
      Engine:        V9 
      Physical Name: /wrds/pwt/sasdata
NOTE: Libref RENT was successfully assigned as follows: 
      Engine:        V9 
      Physical Name: /wrds/rent/sasdata
NOTE: Libref REPRISK was successfully assigned as follows: 
      Levels:           3
      Engine(1):        V9 
      Physical Name(1): /wrds/reprisk/sasdata/pm
      Engine(2):        V9 
      Physical Name(2): /wrds/reprisk/sasdata/std
      Engine(3):        V9 
      Physical Name(3): /wrds/reprisk/sasdata
NOTE: Libref REPSAMP was successfully assigned as follows: 
      Engine:        V9 
      Physical Name: /wrds/samples/sasdata/reprisk
NOTE: Libref REVERE was successfully assigned as follows: 
      Levels:           4
      Engine(1):        V9 
      Physical Name(1): /wrds/factset/sasdata/revere_common
      Engine(2):        V9 
      Physical Name(2): /wrds/factset/sasdata/revere_supply_chain
      Engine(3):        V9 
      Physical Name(3): /wrds/factset/sasdata/revere_geo_rev
      Engine(4):        V9 
      Physical Name(4): /wrds/factset/sasdata/revere_ind_class
NOTE: Libref RISK was successfully assigned as follows: 
      Levels:           12
      Engine(1):        V9 
      Physical Name(1): /wrds/riskmetrics/sasdata/directors
      Engine(2):        V9 
      Physical Name(2): /wrds/riskmetrics/sasdata/governance
      Engine(3):        V9 
      Physical Name(3): /wrds/riskmetrics/sasdata/proposals
      Engine(4):        V9 
      Physical Name(4): /wrds/riskmetrics/sasdata/incentive_lab
      Engine(5):        V9 
      Physical Name(5): /wrds/riskmetrics/sasdata/incentive_lab/europe
      Engine(6):        V9 
      Physical Name(6): /wrds/riskmetrics/sasdata/votes
      Engine(7):        V9 
      Physical Name(7): /wrds/riskmetrics/sasdata/voting_analytics
      Engine(8):        V9 
      Physical Name(8): /wrds/riskmetrics/sasdata/voting_analytics/issrec
      Engine(9):        V9 
      Physical Name(9): /wrds/riskmetrics/sasdata/voting_analytics/mf
      Engine(10):        V9 
      Physical Name(10): /wrds/riskmetrics/sasdata/voting_analytics/proposals
      Engine(11):        V9 
      Physical Name(11): 
      /wrds/riskmetrics/sasdata/voting_analytics/voteresults_global
      Engine(12):        V9 
      Physical Name(12): 
      /wrds/riskmetrics/sasdata/voting_analytics/voteresults_us
NOTE: Libref RISKSAMP was successfully assigned as follows: 
      Engine:        V9 
      Physical Name: /wrds/samples/sasdata/riskmetrics
NOTE: Libref RPNA was successfully assigned as follows: 
      Levels:           5
      Engine(1):        V9 
      Physical Name(1): /wrds/ravenpack/sasdata/common
      Engine(2):        V9 
      Physical Name(2): /wrds/ravenpack/sasdata/dow_jones_edition
      Engine(3):        V9 
      Physical Name(3): /wrds/ravenpack/sasdata/full_edition
      Engine(4):        V9 
      Physical Name(4): /wrds/ravenpack/sasdata/pr_edition
      Engine(5):        V9 
      Physical Name(5): /wrds/ravenpack/sasdata/web_edition
NOTE: Libref RPNASAMP was successfully assigned as follows: 
      Engine:        V9 
      Physical Name: /wrds/samples/sasdata/ravenpack
NOTE: Libref SDC was successfully assigned as follows: 
      Levels:           2
      Engine(1):        V9 
      Physical Name(1): /wrds/tfn/sasdata/sdc_ma
      Engine(2):        V9 
      Physical Name(2): /wrds/tfn/sasdata/sdc_ni
NOTE: Libref SDCSAMP was successfully assigned as follows: 
      Levels:           2
      Engine(1):        V9 
      Physical Name(1): /wrds/samples/sasdata/tfn/sdc_ma
      Engine(2):        V9 
      Physical Name(2): /wrds/samples/sasdata/tfn/sdc_ni
NOTE: Libref SECSAMP was successfully assigned as follows: 
      Engine:        V9 
      Physical Name: /wrds/samples/sasdata/sec
NOTE: Libref SNAPSAMP was successfully assigned as follows: 
      Engine:        V9 
      Physical Name: /wrds/samples/sasdata/comp_snap
NOTE: Libref SNL was successfully assigned as follows: 
      Engine:        V9 
      Physical Name: /wrds/snl/sasdata
NOTE: Libref SNLBR was successfully assigned as follows: 
      Engine:        V9 
      Physical Name: /wrds/snl/sasdata/bank_reg
NOTE: Libref SNLSAMP was successfully assigned as follows: 
      Engine:        V9 
      Physical Name: /wrds/samples/sasdata/snl
NOTE: Libref SPRAT was successfully assigned as follows: 
      Engine:        V9 
      Physical Name: /wrds/comp/sasdata/sprat
NOTE: Libref SUSTAIN was successfully assigned as follows: 
      Levels:           2
      Engine(1):        V9 
      Physical Name(1): /wrds/sustain/sasdata
      Engine(2):        V9 
      Physical Name(2): /wrds/sustain/sasdata/na_only
NOTE: Libref SUSTSAMP was successfully assigned as follows: 
      Engine:        V9 
      Physical Name: /wrds/samples/sasdata/sustain
NOTE: Libref TAQ was successfully assigned as follows: 
      Levels:           4
      Engine(1):        V9 
      Physical Name(1): /wrds/taq/sasdata
      Engine(2):        V9 
      Physical Name(2): /wrds/nyse/sasdata/wrds_taqs_ct
      Engine(3):        V9 
      Physical Name(3): /wrds/nyse/sasdata/wrds_taqs_nbbo
      Engine(4):        V9 
      Physical Name(4): /wrds/nyse/sasdata/wrds_taqs_iid_v1
NOTE: Libref TAQMSEC was successfully assigned as follows: 
      Levels:           8
      Engine(1):        V9 
      Physical Name(1): /wrds/nyse/sasdata/taqms/ct
      Engine(2):        V9 
      Physical Name(2): /wrds/nyse/sasdata/taqms/cq
      Engine(3):        V9 
      Physical Name(3): /wrds/nyse/sasdata/taqms/mast
      Engine(4):        V9 
      Physical Name(4): /wrds/nyse/sasdata/taqms/nbbo
      Engine(5):        V9 
      Physical Name(5): /wrds/nyse/sasdata/taqms/nbbod2m
      Engine(6):        V9 
      Physical Name(6): /wrds/nyse/sasdata/wrds_taqms_wct
      Engine(7):        V9 
      Physical Name(7): /wrds/nyse/sasdata/luld
      Engine(8):        V9 
      Physical Name(8): /wrds/nyse/sasdata/wrds_taqms_iid
NOTE: Libref TAQSAMP was successfully assigned as follows: 
      Engine:        V9 
      Physical Name: /wrds/taqsamp/sasdata
NOTE: Libref TAQMSAMP was successfully assigned as follows: 
      Engine:        V9 
      Physical Name: /wrds/taqmssamp/sasdata
NOTE: Libref TASS was successfully assigned as follows: 
      Engine:        V9 
      Physical Name: /wrds/tfn/sasdata/tass
NOTE: Libref TFN was successfully assigned as follows: 
      Levels:           3
      Engine(1):        V9 
      Physical Name(1): /wrds/tfn/sasdata/s12
      Engine(2):        V9 
      Physical Name(2): /wrds/tfn/sasdata/s34
      Engine(3):        V9 
      Physical Name(3): /wrds/tfn/sasdata/insiders
NOTE: Libref TOTALQ refers to the same physical library as CONTRIB.
NOTE: Libref TOTALQ was successfully assigned as follows: 
      Engine:        V9 
      Physical Name: /wrds/contributors/sasdata/total_q
NOTE: Libref TRACE was successfully assigned as follows: 
      Levels:           2
      Engine(1):        V9 
      Physical Name(1): /wrds/trace/sasdata/standard
      Engine(2):        V9 
      Physical Name(2): /wrds/trace/sasdata/enhanced
NOTE: Libref TROWN was successfully assigned as follows: 
      Engine:        V9 
      Physical Name: /wrds/tfn/sasdata/ownership
NOTE: Libref TRESG was successfully assigned as follows: 
      Engine:        V9 
      Physical Name: /wrds/tfn/sasdata/esg
NOTE: Libref TRDSTRM was successfully assigned as follows: 
      Levels:           8
      Engine(1):        V9 
      Physical Name(1): /wrds/tfn/sasdata/ds_eq/pricing
      Engine(2):        V9 
      Physical Name(2): /wrds/tfn/sasdata/ds_eq/index
      Engine(3):        V9 
      Physical Name(3): /wrds/tfn/sasdata/ds_eq/corporate_action
      Engine(4):        V9 
      Physical Name(4): /wrds/tfn/sasdata/ds_eq/index_constituents
      Engine(5):        V9 
      Physical Name(5): /wrds/tfn/sasdata/ds_eq/reference_tables
      Engine(6):        V9 
      Physical Name(6): /wrds/tfn/sasdata/ds_com
      Engine(7):        V9 
      Physical Name(7): /wrds/tfn/sasdata/ds_econ
      Engine(8):        V9 
      Physical Name(8): /wrds/tfn/sasdata/ds_fut
NOTE: Libref TRSAMP was successfully assigned as follows: 
      Levels:           3
      Engine(1):        V9 
      Physical Name(1): /wrds/samples/sasdata/ibes_guidance
      Engine(2):        V9 
      Physical Name(2): /wrds/samples/sasdata/tass
      Engine(3):        V9 
      Physical Name(3): /wrds/samples/sasdata/worldscope
NOTE: Libref TRWS was successfully assigned as follows: 
      Engine:        V9 
      Physical Name: /wrds/tfn/sasdata/worldscope
NOTE: Libref TWOIQ was successfully assigned as follows: 
      Engine:        V9 
      Physical Name: /wrds/2iq/sasdata
NOTE: Libref TWOIQSMP was successfully assigned as follows: 
      Engine:        V9 
      Physical Name: /wrds/samples/sasdata/2iq
NOTE: Libref WAPPSAMP was successfully assigned as follows: 
      Levels:           2
      Engine(1):        V9 
      Physical Name(1): /wrds/samples/sasdata/ciqevtstudy
      Engine(2):        V9 
      Physical Name(2): /wrds/samples/sasdata/ciqintevtstudy
NOTE: Libref WQA was successfully assigned as follows: 
      Engine:        V9 
      Physical Name: /wrds/wqa/sasdata
WARNING: One or more libraries specified in the concatenated library WRDSSEC do 
         not exist.  These libraries were removed from the concatenation.
NOTE: Libref WRDSSEC was successfully assigned as follows: 
      Levels:           4
      Engine(1):        V9 
      Physical Name(1): /wrds/sec/sasdata
      Engine(2):        V9 
      Physical Name(2): /wrds/sec/sasdata/common
      Engine(3):        V9 
      Physical Name(3): /wrds/sec/sasdata/sa
      Engine(4):        V9 
      Physical Name(4): /wrds/sec/sasdata/insiders
NOTE: Libref WRDSAPPS was successfully assigned as follows: 
      Levels:           20
      Engine(1):        V9 
      Physical Name(1): /wrds/wrdsapps/sasdata/intevtstudy
      Engine(2):        V9 
      Physical Name(2): /wrds/wrdsapps/sasdata/ciqintevtstudy
      Engine(3):        V9 
      Physical Name(3): /wrds/wrdsapps/sasdata/cwsubsidiary
      Engine(4):        V9 
      Physical Name(4): /wrds/wrdsapps/sasdata/finratio
      Engine(5):        V9 
      Physical Name(5): /wrds/wrdsapps/sasdata/ravtaqevtstudy
      Engine(6):        V9 
      Physical Name(6): /wrds/wrdsapps/sasdata/gindices
      Engine(7):        V9 
      Physical Name(7): /wrds/wrdsapps/sasdata/bond
      Engine(8):        V9 
      Physical Name(8): /wrds/wrdsapps/sasdata/linking/iclink
      Engine(9):        V9 
      Physical Name(9): /wrds/wrdsapps/sasdata/linking/oclink
      Engine(10):        V9 
      Physical Name(10): /wrds/wrdsapps/sasdata/linking/tclink
      Engine(11):        V9 
      Physical Name(11): /wrds/wrdsapps/sasdata/linking/taqmclink
      Engine(12):        V9 
      Physical Name(12): /wrds/wrdsapps/sasdata/linking/bdxinslink
      Engine(13):        V9 
      Physical Name(13): /wrds/wrdsapps/sasdata/linking/bdxcrspcomplink
      Engine(14):        V9 
      Physical Name(14): /wrds/wrdsapps/sasdata/linking/fscrsplink
      Engine(15):        V9 
      Physical Name(15): /wrds/wrdsapps/sasdata/linking/dswslink
      Engine(16):        V9 
      Physical Name(16): /wrds/wrdsapps/sasdata/longrunevt
      Engine(17):        V9 
      Physical Name(17): /wrds/wrdsapps/sasdata/linking/seglink
      Engine(18):        V9 
      Physical Name(18): /wrds/wrdsapps/sasdata/backtester
      Engine(19):        V9 
      Physical Name(19): /wrds/wrdsapps/sasdata/wpatent
      Engine(20):        V9 
      Physical Name(20): /wrds/wrdsapps/sasdata/eushortselling
NOTE: Libref ZACKS was successfully assigned as follows: 
      Engine:        V9 
      Physical Name: /wrds/zacks/sasdata
NOTE: Libref ZACKSAMP was successfully assigned as follows: 
      Engine:        V9 
      Physical Name: /wrds/samples/sasdata/zacks

NOTE: AUTOEXEC processing completed.

1          /********************************************************************
1        ! ************************************************
2          *   Description: identifying abnormal returns (value-weighted returns
2        !  minus S&P 500 returns)                        *
3          *	Written by:		Santosh Ramesh & Methum Kasthuriarachchi											
3        ! 			*
4          *	Date written:	September 11, 2021   																			*
5          * 	Date modified:	September 11, 2021 																				*	
6          *********************************************************************
6        ! ***********************************************/
7          
8          options errorabend;
9          
10         libname home '.';
NOTE: Libref HOME was successfully assigned as follows: 
      Engine:        V9 
      Physical Name: /home/oregonstate/methumk/research2021/hw4
11         
12         * Get the daily data;
13         data logRet;
14             set CRSP.dsf(where=(PERMNO in (12369 92203) and
14       ! MDY(01,01,2016)<=DATE<=MDY(12,31,2016)));
15             LOG_RET = log10(1+RET);
16             keep PERMNO DATE RET LOG_RET
17         run;
18         
19         * sum the logrets;

WARNING: The variable run in the DROP, KEEP, or RENAME list has never been 
         referenced.
NOTE: There were 504 observations read from the data set CRSP.DSF.
      WHERE PERMNO in (12369, 92203) and (DATE>='01JAN2016'D and 
      DATE<='31DEC2016'D);
NOTE: The data set WORK.LOGRET has 504 observations and 4 variables.
NOTE: DATA statement used (Total process time):
      real time           27.15 seconds
      cpu time            20.75 seconds
      

20         proc sql;
21             create table logRetSum as
22             select PERMNO, SUM(LOG_RET) as SUM_LOG_RET
23             from logRet
24             group by PERMNO;
NOTE: Table WORK.LOGRETSUM created, with 2 rows and 2 columns.

25         quit;
NOTE: PROCEDURE SQL used (Total process time):
      real time           0.00 seconds
      cpu time            0.01 seconds
      

26         
27         * remove the log from returns;
28         data CompoundDaily;
29             set logRetSum;
30             STOCK_RET = 10**SUM_LOG_RET;
31             keep PERMNO STOCK_RET
32         run;
33         

WARNING: The variable run in the DROP, KEEP, or RENAME list has never been 
         referenced.
NOTE: There were 2 observations read from the data set WORK.LOGRETSUM.
NOTE: The data set WORK.COMPOUNDDAILY has 2 observations and 2 variables.
NOTE: DATA statement used (Total process time):
      real time           0.00 seconds
      cpu time            0.00 seconds
      

34         proc print data = CompoundDaily;
35         run;

NOTE: There were 2 observations read from the data set WORK.COMPOUNDDAILY.
NOTE: The PROCEDURE PRINT printed page 1.
NOTE: PROCEDURE PRINT used (Total process time):
      real time           0.05 seconds
      cpu time            0.02 seconds
      

36         
37         
38         
39         * get EW and VW market returns;
40         data marketRet;
41             set crsp.dsi(where=(MDY(01,01,2016)<=DATE<=MDY(12,31,2016)));
42             EW_LOG_RET = log10(1+ewretd);
43             VW_LOG_RET = log10(1+vwretd);
44             keep DATE EW_LOG_RET ewretd VW_LOG_RET vwretd
45         run;
46         
47         * sum the logs;

WARNING: The variable run in the DROP, KEEP, or RENAME list has never been 
         referenced.
NOTE: There were 252 observations read from the data set CRSP.DSI.
      WHERE (DATE>='01JAN2016'D and DATE<='31DEC2016'D);
NOTE: The data set WORK.MARKETRET has 252 observations and 5 variables.
NOTE: DATA statement used (Total process time):
      real time           0.01 seconds
      cpu time            0.01 seconds
      

48         proc sql;
49             create table marketRetSum as
50             select SUM(EW_LOG_RET) as SUM_EW, SUM(VW_LOG_RET) as SUM_VW
51             from marketRet
52         quit;
NOTE: Table WORK.MARKETRETSUM created, with 1 rows and 2 columns.

53         
54         * remove logs from returns;
NOTE: PROCEDURE SQL used (Total process time):
      real time           0.00 seconds
      cpu time            0.00 seconds
      

55         data CalcBHAR;
56             set marketRetSum;
57             EWR = 10**SUM_EW;
58             VWR = 10**SUM_VW;
59         run;

NOTE: There were 1 observations read from the data set WORK.MARKETRETSUM.
NOTE: The data set WORK.CALCBHAR has 1 observations and 4 variables.
NOTE: DATA statement used (Total process time):
      real time           0.00 seconds
      cpu time            0.00 seconds
      

60         
61         proc print data=CalcBHAR;
62         run;

NOTE: There were 1 observations read from the data set WORK.CALCBHAR.
NOTE: The PROCEDURE PRINT printed page 2.
NOTE: PROCEDURE PRINT used (Total process time):
      real time           0.00 seconds
      cpu time            0.00 seconds
      

63         
64         
65         * merge stock return and market return;
66         proc sql;
67             create table BHAR_DAILY as
68             select s.*, m.*
69             from CalcBHAR as m, CompoundDaily as s;
NOTE: The execution of this query involves performing one or more Cartesian 
      product joins that can not be optimized.
NOTE: Table WORK.BHAR_DAILY created, with 2 rows and 6 columns.

70         quit;
NOTE: PROCEDURE SQL used (Total process time):
      real time           0.00 seconds
      cpu time            0.00 seconds
      

71         
72         data CALC_BHAR;
73             set BHAR_DAILY;
74             EW_BHAR = STOCK_RET - EWR;
75             VW_BHAR = STOCK_RET - VWR;
76         run;

NOTE: There were 2 observations read from the data set WORK.BHAR_DAILY.
NOTE: The data set WORK.CALC_BHAR has 2 observations and 8 variables.
NOTE: DATA statement used (Total process time):
      real time           0.00 seconds
      cpu time            0.00 seconds
      

77         
78         proc print data=CALC_BHAR;
79         run;

NOTE: There were 2 observations read from the data set WORK.CALC_BHAR.
NOTE: The PROCEDURE PRINT printed page 3.
NOTE: PROCEDURE PRINT used (Total process time):
      real time           0.00 seconds
      cpu time            0.00 seconds
      

80         
81         
82         
83         
84         
85         
86         
87         
88         *trying to alter table in sql;
89         /* proc sql;
90             alter table marketRetSum
91             set EWR = power(10, sum_ew), VWR = power(10, SUM_VW);
92         
93             create table BHAR_DAILY as
94             select s.*, m.*
95             from marketRetSum as m, CompoundDaily as s;
96         quit;
97         
98         data CALC_BHAR;
99             set BHAR_DAILY;
100            EW_BHAR = STOCK_RET - EWR;
101            VW_BHAR = STOCK_RET - VWR;
102        run;
103        
104        proc print data=CALC_BHAR;
105        run; */

NOTE: SAS Institute Inc., SAS Campus Drive, Cary, NC USA 27513-2414
NOTE: The SAS System used:
      real time           28.43 seconds
      cpu time            21.04 seconds
      
